{
  "RSpec": {
    "coverage": {
      "/Users/ok/Projects/pairing-challenges/bookmark-manager/02112020/bookmarks-challenge/app.rb": {
        "lines": [
          null,
          null,
          1,
          1,
          null,
          1,
          1,
          1,
          null,
          null,
          1,
          1,
          null,
          null,
          1,
          4,
          4,
          null,
          null,
          1,
          1,
          1,
          null,
          1,
          null
        ]
      },
      "/Users/ok/Projects/pairing-challenges/bookmark-manager/02112020/bookmarks-challenge/lib/bookmark.rb": {
        "lines": [
          null,
          1,
          1,
          null,
          null,
          1,
          1,
          1,
          64,
          64,
          64,
          null,
          null,
          1,
          36,
          null,
          null,
          null,
          36,
          null,
          null,
          1,
          5,
          null,
          5,
          28,
          null,
          null,
          null,
          1,
          null,
          1,
          36,
          null,
          null
        ]
      },
      "/Users/ok/Projects/pairing-challenges/bookmark-manager/02112020/bookmarks-challenge/lib/db_connection.rb": {
        "lines": [
          1,
          1,
          null,
          41,
          41,
          null,
          41,
          null,
          null,
          null,
          1,
          null,
          1,
          41,
          null,
          null
        ]
      },
      "/Users/ok/Projects/pairing-challenges/bookmark-manager/02112020/bookmarks-challenge/spec/features/bookmark_page_spec.rb": {
        "lines": [
          null,
          1,
          null,
          1,
          1,
          3,
          null,
          1,
          1,
          1,
          null,
          1,
          1,
          1,
          null,
          1,
          1,
          1,
          1,
          1,
          1,
          null,
          null
        ]
      },
      "/Users/ok/Projects/pairing-challenges/bookmark-manager/02112020/bookmarks-challenge/spec/features/index_page_spec.rb": {
        "lines": [
          null,
          null,
          1,
          1,
          1,
          1,
          null,
          null
        ]
      },
      "/Users/ok/Projects/pairing-challenges/bookmark-manager/02112020/bookmarks-challenge/spec/features/test_hello_world_page_spec.rb": {
        "lines": [
          null,
          null,
          1,
          1,
          1,
          1,
          null,
          null
        ]
      },
      "/Users/ok/Projects/pairing-challenges/bookmark-manager/02112020/bookmarks-challenge/spec/unit/bookmark_spec.rb": {
        "lines": [
          null,
          1,
          1,
          null,
          1,
          1,
          1,
          1,
          null,
          1,
          null,
          1,
          1,
          1,
          1,
          null,
          null,
          1,
          1,
          1,
          1,
          null,
          1,
          1,
          1,
          1,
          null,
          null,
          1,
          1,
          1,
          1,
          0,
          null,
          null,
          null
        ]
      },
      "/Users/ok/Projects/pairing-challenges/bookmark-manager/02112020/bookmarks-challenge/spec/helpers/db_helpers.rb": {
        "lines": [
          1,
          1,
          1,
          1,
          null
        ]
      },
      "/Users/ok/Projects/pairing-challenges/bookmark-manager/02112020/bookmarks-challenge/spec/unit/db_connection_spec.rb": {
        "lines": [
          1,
          null,
          1,
          1,
          null,
          null,
          null,
          null,
          null
        ]
      }
    },
    "timestamp": 1604604639
  }
}
