{
  "RSpec": {
    "coverage": {
      "/Users/kalindifonda/Desktop/makers/6_week/ollie_bookmarks/app.rb": {
        "lines": [
          null,
          null,
          1,
          1,
          null,
          1,
          1,
          1,
          null,
          null,
          1,
          1,
          null,
          null,
          1,
          4,
          4,
          null,
          null,
          1,
          1,
          1,
          null,
          1,
          null
        ]
      },
      "/Users/kalindifonda/Desktop/makers/6_week/ollie_bookmarks/lib/bookmarks.rb": {
        "lines": [
          null,
          1,
          null,
          null,
          1,
          null,
          1,
          17,
          17,
          null,
          null,
          1,
          null,
          17,
          17,
          null,
          0,
          null,
          17,
          null,
          0,
          null,
          0,
          null,
          17,
          null,
          null,
          null,
          1,
          null,
          5,
          5,
          null,
          0,
          null,
          5,
          26,
          null,
          0,
          null,
          0,
          null,
          5,
          5,
          null,
          null,
          null
        ]
      },
      "/Users/kalindifonda/Desktop/makers/6_week/ollie_bookmarks/spec/features/bookmark_page_spec.rb": {
        "lines": [
          null,
          1,
          null,
          1,
          1,
          3,
          null,
          1,
          1,
          1,
          null,
          1,
          1,
          1,
          null,
          1,
          1,
          1,
          1,
          1,
          null,
          null
        ]
      },
      "/Users/kalindifonda/Desktop/makers/6_week/ollie_bookmarks/spec/features/index_page_spec.rb": {
        "lines": [
          null,
          null,
          1,
          1,
          1,
          1,
          null,
          null
        ]
      },
      "/Users/kalindifonda/Desktop/makers/6_week/ollie_bookmarks/spec/features/test_hello_world_page_spec.rb": {
        "lines": [
          null,
          null,
          1,
          1,
          1,
          1,
          null,
          null
        ]
      },
      "/Users/kalindifonda/Desktop/makers/6_week/ollie_bookmarks/spec/unit/bookmarks_spec.rb": {
        "lines": [
          null,
          1,
          null,
          1,
          1,
          1,
          1,
          1,
          1,
          null,
          null,
          null
        ]
      }
    },
    "timestamp": 1604418309
  }
}
